Using pre-set license
Built from '2020.3/staging' branch; Version is '2020.3.25f1 (9b9180224418) revision 10195328'; Using compiler version '192528614'; Build Type 'Release'
OS: 'Windows 10  (10.0.19044) 64bit Professional' Language: 'en' Physical Memory: 16326 MB
BatchMode: 1, IsHumanControllingUs: 0, StartBugReporterOnCrash: 0, Is64bit: 1, IsPro: 0

COMMAND LINE ARGUMENTS:
C:\Program Files\Unity\Hub\Editor\2020.3.25f1\Editor\Unity.exe
-adb2
-batchMode
-noUpm
-name
AssetImportWorker0
-projectPath
D:/Programming/UnityProjects/HomieQuest/HomieQuest!
-logFile
Logs/AssetImportWorker0.log
-srvPort
54199
Successfully changed project path to: D:/Programming/UnityProjects/HomieQuest/HomieQuest!
D:/Programming/UnityProjects/HomieQuest/HomieQuest!
Using Asset Import Pipeline V2.
Refreshing native plugins compatible for Editor in 55.50 ms, found 3 plugins.
Preloading 0 native plugins for Editor in 0.00 ms.
Initialize engine version: 2020.3.25f1 (9b9180224418)
[Subsystems] Discovering subsystems at path C:/Program Files/Unity/Hub/Editor/2020.3.25f1/Editor/Data/Resources/UnitySubsystems
[Subsystems] Discovering subsystems at path D:/Programming/UnityProjects/HomieQuest/HomieQuest!/Assets
GfxDevice: creating device client; threaded=0
Direct3D:
    Version:  Direct3D 11.0 [level 11.1]
    Renderer: NVIDIA GeForce GTX 1060 3GB (ID=0x1c02)
    Vendor:   
    VRAM:     2988 MB
    Driver:   31.0.15.1640
Initialize mono
Mono path[0] = 'C:/Program Files/Unity/Hub/Editor/2020.3.25f1/Editor/Data/Managed'
Mono path[1] = 'C:/Program Files/Unity/Hub/Editor/2020.3.25f1/Editor/Data/MonoBleedingEdge/lib/mono/unityjit'
Mono config path = 'C:/Program Files/Unity/Hub/Editor/2020.3.25f1/Editor/Data/MonoBleedingEdge/etc'
Using monoOptions --debugger-agent=transport=dt_socket,embedding=1,server=y,suspend=n,address=127.0.0.1:56288
Begin MonoManager ReloadAssembly
Registering precompiled unity dll's ...
Register platform support module: C:/Program Files/Unity/Hub/Editor/2020.3.25f1/Editor/Data/PlaybackEngines/WebGLSupport/UnityEditor.WebGL.Extensions.dll
Register platform support module: C:/Program Files/Unity/Hub/Editor/2020.3.25f1/Editor/Data/PlaybackEngines/WindowsStandaloneSupport/UnityEditor.WindowsStandalone.Extensions.dll
Registered in 0.003769 seconds.
Native extension for WindowsStandalone target not found
Native extension for WebGL target not found
Refreshing native plugins compatible for Editor in 46.80 ms, found 3 plugins.
Preloading 0 native plugins for Editor in 0.00 ms.
Mono: successfully reloaded assembly
- Completed reload, in  0.628 seconds
Domain Reload Profiling:
	ReloadAssembly (628ms)
		BeginReloadAssembly (73ms)
			ExecutionOrderSort (0ms)
			DisableScriptedObjects (0ms)
			BackupInstance (0ms)
			ReleaseScriptingObjects (0ms)
			CreateAndSetChildDomain (1ms)
		EndReloadAssembly (470ms)
			LoadAssemblies (70ms)
			RebuildTransferFunctionScriptingTraits (0ms)
			SetupTypeCache (159ms)
			ReleaseScriptCaches (0ms)
			RebuildScriptCaches (28ms)
			SetupLoadedEditorAssemblies (178ms)
				LogAssemblyErrors (0ms)
				InitializePlatformSupportModulesInManaged (6ms)
				SetLoadedEditorAssemblies (0ms)
				RefreshPlugins (47ms)
				BeforeProcessingInitializeOnLoad (16ms)
				ProcessInitializeOnLoadAttributes (81ms)
				ProcessInitializeOnLoadMethodAttributes (28ms)
				AfterProcessingInitializeOnLoad (0ms)
				EditorAssembliesLoaded (0ms)
			ExecutionOrderSort2 (0ms)
			AwakeInstancesAfterBackupRestoration (0ms)
Platform modules already initialized, skipping
Registering precompiled user dll's ...
Registered in 0.003449 seconds.
Begin MonoManager ReloadAssembly
Native extension for WindowsStandalone target not found
Native extension for WebGL target not found
Refreshing native plugins compatible for Editor in 47.10 ms, found 3 plugins.
Preloading 0 native plugins for Editor in 0.00 ms.
Mono: successfully reloaded assembly
- Completed reload, in  1.154 seconds
Domain Reload Profiling:
	ReloadAssembly (1154ms)
		BeginReloadAssembly (147ms)
			ExecutionOrderSort (0ms)
			DisableScriptedObjects (6ms)
			BackupInstance (0ms)
			ReleaseScriptingObjects (0ms)
			CreateAndSetChildDomain (20ms)
		EndReloadAssembly (944ms)
			LoadAssemblies (94ms)
			RebuildTransferFunctionScriptingTraits (0ms)
			SetupTypeCache (320ms)
			ReleaseScriptCaches (0ms)
			RebuildScriptCaches (46ms)
			SetupLoadedEditorAssemblies (362ms)
				LogAssemblyErrors (0ms)
				InitializePlatformSupportModulesInManaged (4ms)
				SetLoadedEditorAssemblies (0ms)
				RefreshPlugins (47ms)
				BeforeProcessingInitializeOnLoad (83ms)
				ProcessInitializeOnLoadAttributes (200ms)
				ProcessInitializeOnLoadMethodAttributes (19ms)
				AfterProcessingInitializeOnLoad (7ms)
				EditorAssembliesLoaded (0ms)
			ExecutionOrderSort2 (0ms)
			AwakeInstancesAfterBackupRestoration (7ms)
Platform modules already initialized, skipping
========================================================================
Worker process is ready to serve import requests
Launched and connected shader compiler UnityShaderCompiler.exe after 0.07 seconds
Refreshing native plugins compatible for Editor in 0.47 ms, found 3 plugins.
Preloading 0 native plugins for Editor in 0.00 ms.
Unloading 2239 Unused Serialized files (Serialized files now loaded: 0)
System memory in use before: 97.6 MB.
System memory in use after: 97.7 MB.

Unloading 28 unused Assets to reduce memory usage. Loaded Objects now: 2679.
Total: 2.725800 ms (FindLiveObjects: 0.182300 ms CreateObjectMapping: 0.092800 ms MarkObjects: 2.383300 ms  DeleteObjects: 0.065800 ms)

AssetImportParameters requested are different than current active one (requested -> active):
  custom:framework-win-MediaFoundation: 216162199b28c13a410421893ffa2e32 -> 
  custom:video-decoder-ogg-theora: a1e56fd34408186e4bbccfd4996cb3dc -> 
  custom:container-muxer-webm: aa71ff27fc2769a1b78a27578f13a17b -> 
  custom:container-demuxer-webm: 4f35f7cbe854078d1ac9338744f61a02 -> 
  custom:container-demuxer-ogg: 62fdf1f143b41e24485cea50d1cbac27 -> 
  custom:video-encoder-webm-vp8: eb34c28f22e8b96e1ab97ce403110664 -> 
  custom:video-decoder-webm-vp8: 9c59270c3fd7afecdb556c50c9e8de78 -> 
  custom:audio-decoder-ogg-vorbis: bf7c407c2cedff20999df2af8eb42d56 -> 
  custom:audio-encoder-webm-vorbis: bf7c407c2cedff20999df2af8eb42d56 -> 
========================================================================
Received Import Request.
  path: Assets/Sprites/Test/Misc/Chakram.png
  artifactKey: Guid(8214c94ca4ee54d4bb7b929a64113758) Importer(815301076,1909f56bfc062723c751e8b465ee728b)
Start importing Assets/Sprites/Test/Misc/Chakram.png using Guid(8214c94ca4ee54d4bb7b929a64113758) Importer(815301076,1909f56bfc062723c751e8b465ee728b)  -> (artifact id: '56fedcbf69ff343b57b7b21489e22750') in 0.276146 seconds 
  Import took 0.285886 seconds .

========================================================================
Received Import Request.
  Time since last request: 0.000240 seconds.
  path: Assets/Sprites/cageHolders.png
  artifactKey: Guid(cd0c051874343804bbcde869e725ee16) Importer(815301076,1909f56bfc062723c751e8b465ee728b)
Start importing Assets/Sprites/cageHolders.png using Guid(cd0c051874343804bbcde869e725ee16) Importer(815301076,1909f56bfc062723c751e8b465ee728b)  -> (artifact id: 'a93dcd1637e2b41e2d7542ad5259ce73') in 0.068467 seconds 
  Import took 0.071873 seconds .

========================================================================
Received Import Request.
  Time since last request: 0.000269 seconds.
  path: Assets/Sprites/cages.png
  artifactKey: Guid(e3f413fbee476a946b3ee124ae7f965f) Importer(815301076,1909f56bfc062723c751e8b465ee728b)
Start importing Assets/Sprites/cages.png using Guid(e3f413fbee476a946b3ee124ae7f965f) Importer(815301076,1909f56bfc062723c751e8b465ee728b)  -> (artifact id: '5df8da3fc2e891a89b6775479caf00a9') in 0.107705 seconds 
  Import took 0.127288 seconds .

========================================================================
Received Import Request.
  Time since last request: 0.000261 seconds.
  path: Assets/Sprites/MenuAndUI/CheckboxCheck.png
  artifactKey: Guid(e2d8af5e58f6e124a870baa7a25b8793) Importer(815301076,1909f56bfc062723c751e8b465ee728b)
Start importing Assets/Sprites/MenuAndUI/CheckboxCheck.png using Guid(e2d8af5e58f6e124a870baa7a25b8793) Importer(815301076,1909f56bfc062723c751e8b465ee728b)  -> (artifact id: '8890a07f738e1b8ea50aaf76573ab39b') in 0.034316 seconds 
  Import took 0.051828 seconds .

========================================================================
Received Import Request.
  Time since last request: 0.000179 seconds.
  path: Assets/Sprites/Test/Creatures/AngyBoio.png
  artifactKey: Guid(0a3c6b6e879d96e4d9c3a1c9b1e440f0) Importer(815301076,1909f56bfc062723c751e8b465ee728b)
Start importing Assets/Sprites/Test/Creatures/AngyBoio.png using Guid(0a3c6b6e879d96e4d9c3a1c9b1e440f0) Importer(815301076,1909f56bfc062723c751e8b465ee728b)  -> (artifact id: '6b002768400283f05226f146a9589dc8') in 0.046366 seconds 
  Import took 0.050078 seconds .

========================================================================
Received Import Request.
  Time since last request: 0.000235 seconds.
  path: Assets/Sprites/Test/Creatures/BoioSmol.png
  artifactKey: Guid(81ae51fb8dd71af4aae7e8ce5ebfa6d7) Importer(815301076,1909f56bfc062723c751e8b465ee728b)
Start importing Assets/Sprites/Test/Creatures/BoioSmol.png using Guid(81ae51fb8dd71af4aae7e8ce5ebfa6d7) Importer(815301076,1909f56bfc062723c751e8b465ee728b)  -> (artifact id: '7aeaf93dd45710248850267e6628eec3') in 0.021264 seconds 
  Import took 0.025141 seconds .

========================================================================
Received Import Request.
  Time since last request: 0.000217 seconds.
  path: Assets/Sprites/Test/Misc/Bullet.png
  artifactKey: Guid(906cfc21c1b6f6d40a1418c84e0096d8) Importer(815301076,1909f56bfc062723c751e8b465ee728b)
Start importing Assets/Sprites/Test/Misc/Bullet.png using Guid(906cfc21c1b6f6d40a1418c84e0096d8) Importer(815301076,1909f56bfc062723c751e8b465ee728b)  -> (artifact id: '0dbe173d7dd2758ea9f454048b62105c') in 0.036338 seconds 
  Import took 0.054336 seconds .

========================================================================
Received Import Request.
  Time since last request: 0.000239 seconds.
  path: Assets/Sprites/MenuAndUI/Checkbox.png
  artifactKey: Guid(0bd9e4b60cc299c44ba4490d4ac9b612) Importer(815301076,1909f56bfc062723c751e8b465ee728b)
Start importing Assets/Sprites/MenuAndUI/Checkbox.png using Guid(0bd9e4b60cc299c44ba4490d4ac9b612) Importer(815301076,1909f56bfc062723c751e8b465ee728b)  -> (artifact id: 'e73101588697a315ce696af37a558c21') in 0.046744 seconds 
  Import took 0.060728 seconds .

========================================================================
Received Import Request.
  Time since last request: 0.000259 seconds.
  path: Assets/Sprites/MenuAndUI/BlankSquare.png
  artifactKey: Guid(d2db6b28d04c1594d8b0dcd1e987551e) Importer(815301076,1909f56bfc062723c751e8b465ee728b)
Start importing Assets/Sprites/MenuAndUI/BlankSquare.png using Guid(d2db6b28d04c1594d8b0dcd1e987551e) Importer(815301076,1909f56bfc062723c751e8b465ee728b)  -> (artifact id: '829a79bb393417b990f291f5cb388a97') in 0.053624 seconds 
  Import took 0.056656 seconds .

========================================================================
Received Import Request.
  Time since last request: 0.000234 seconds.
  path: Assets/Sprites/Test/Creatures/Boio.png
  artifactKey: Guid(7be7aee7da822f44d8c35ebc50f470ea) Importer(815301076,1909f56bfc062723c751e8b465ee728b)
Start importing Assets/Sprites/Test/Creatures/Boio.png using Guid(7be7aee7da822f44d8c35ebc50f470ea) Importer(815301076,1909f56bfc062723c751e8b465ee728b)  -> (artifact id: 'cf750714c52d77974e53dd861451137d') in 0.014964 seconds 
  Import took 0.018129 seconds .

========================================================================
Received Import Request.
  Time since last request: 1.087795 seconds.
  path: Assets/Sprites/NonTest/checkpoint.png
  artifactKey: Guid(78676565041465e4f9c605026961925c) Importer(815301076,1909f56bfc062723c751e8b465ee728b)
Start importing Assets/Sprites/NonTest/checkpoint.png using Guid(78676565041465e4f9c605026961925c) Importer(815301076,1909f56bfc062723c751e8b465ee728b)  -> (artifact id: 'efaaf524d21e7f5d45c22e290ce86bc0') in 0.081150 seconds 
  Import took 0.085120 seconds .

========================================================================
Received Import Request.
  Time since last request: 0.000261 seconds.
  path: Assets/Sprites/Test/Creatures/CrawlyBoi.png
  artifactKey: Guid(2135dffb1416cea4f80480e27b55bbdc) Importer(815301076,1909f56bfc062723c751e8b465ee728b)
Start importing Assets/Sprites/Test/Creatures/CrawlyBoi.png using Guid(2135dffb1416cea4f80480e27b55bbdc) Importer(815301076,1909f56bfc062723c751e8b465ee728b)  -> (artifact id: '6d16ce75804347be64a454e4e6a3d12f') in 0.062423 seconds 
  Import took 0.065300 seconds .

========================================================================
Received Import Request.
  Time since last request: 1.315777 seconds.
  path: Assets/Sprites/Map/DoorClosed.png
  artifactKey: Guid(5e5072c085fb1ea4880c2c1b39cabe79) Importer(815301076,1909f56bfc062723c751e8b465ee728b)
Start importing Assets/Sprites/Map/DoorClosed.png using Guid(5e5072c085fb1ea4880c2c1b39cabe79) Importer(815301076,1909f56bfc062723c751e8b465ee728b)  -> (artifact id: '201ac0d8df67fca74cdb823e2b586822') in 0.040560 seconds 
  Import took 0.044537 seconds .

========================================================================
Received Import Request.
  Time since last request: 0.000255 seconds.
  path: Assets/Sprites/MenuAndUI/Dropdown/DropdownMain.png
  artifactKey: Guid(bd93b89d657fb2a448764c2206322dc7) Importer(815301076,1909f56bfc062723c751e8b465ee728b)
Start importing Assets/Sprites/MenuAndUI/Dropdown/DropdownMain.png using Guid(bd93b89d657fb2a448764c2206322dc7) Importer(815301076,1909f56bfc062723c751e8b465ee728b)  -> (artifact id: 'c7d627ca50f76fb3e1d8fd288136f3a9') in 0.010994 seconds 
  Import took 0.014019 seconds .

========================================================================
Received Import Request.
  Time since last request: 0.441006 seconds.
  path: Assets/Sprites/MenuAndUI/Dropdown/DropdownSlidebar.png
  artifactKey: Guid(9d650ff1e6f0cfb4bad1a994c6ad3a13) Importer(815301076,1909f56bfc062723c751e8b465ee728b)
Start importing Assets/Sprites/MenuAndUI/Dropdown/DropdownSlidebar.png using Guid(9d650ff1e6f0cfb4bad1a994c6ad3a13) Importer(815301076,1909f56bfc062723c751e8b465ee728b)  -> (artifact id: 'af4eb71fe0a16d51e50b0a330ebf22b1') in 0.010960 seconds 
  Import took 0.014715 seconds .

========================================================================
Received Import Request.
  Time since last request: 0.000267 seconds.
  path: Assets/Sprites/MenuAndUI/Dropdown/DropdownSliderKnob.png
  artifactKey: Guid(b8173b90198e8194598d2d26c582f63d) Importer(815301076,1909f56bfc062723c751e8b465ee728b)
Start importing Assets/Sprites/MenuAndUI/Dropdown/DropdownSliderKnob.png using Guid(b8173b90198e8194598d2d26c582f63d) Importer(815301076,1909f56bfc062723c751e8b465ee728b)  -> (artifact id: 'a30ea51d2685eeaf17fb77bc2082eeef') in 0.022737 seconds 
  Import took 0.025950 seconds .

========================================================================
Received Import Request.
  Time since last request: 0.385281 seconds.
  path: Assets/Sprites/MenuAndUI/Dropdown/DropdownViewport.png
  artifactKey: Guid(a9997b8ab20d1794a847c89eb95d332b) Importer(815301076,1909f56bfc062723c751e8b465ee728b)
Start importing Assets/Sprites/MenuAndUI/Dropdown/DropdownViewport.png using Guid(a9997b8ab20d1794a847c89eb95d332b) Importer(815301076,1909f56bfc062723c751e8b465ee728b)  -> (artifact id: '88985d34942da9a1c5817cbc3f21f7c1') in 0.012587 seconds 
  Import took 0.016476 seconds .

========================================================================
Received Import Request.
  Time since last request: 0.000291 seconds.
  path: Assets/Sprites/NonTest/endGate.png
  artifactKey: Guid(319fab56e8f9349478aa3dc49217b253) Importer(815301076,1909f56bfc062723c751e8b465ee728b)
Start importing Assets/Sprites/NonTest/endGate.png using Guid(319fab56e8f9349478aa3dc49217b253) Importer(815301076,1909f56bfc062723c751e8b465ee728b)  -> (artifact id: '584679547209fcf04e958083a06c0530') in 0.087343 seconds 
  Import took 0.090660 seconds .

========================================================================
Received Import Request.
  Time since last request: 0.322609 seconds.
  path: Assets/Sprites/Test/Misc/EnemyBullet.png
  artifactKey: Guid(812db73534257aa4390825949447071f) Importer(815301076,1909f56bfc062723c751e8b465ee728b)
Start importing Assets/Sprites/Test/Misc/EnemyBullet.png using Guid(812db73534257aa4390825949447071f) Importer(815301076,1909f56bfc062723c751e8b465ee728b)  -> (artifact id: '70a9da1b4e223ac2e75fc57f74dbeaa9') in 0.029812 seconds 
  Import took 0.033454 seconds .

========================================================================
Received Import Request.
  Time since last request: 0.000247 seconds.
  path: Assets/Sprites/Map/Factory_Tileset.png
  artifactKey: Guid(154317702a883c24f9880d3061cde45f) Importer(815301076,1909f56bfc062723c751e8b465ee728b)
Start importing Assets/Sprites/Map/Factory_Tileset.png using Guid(154317702a883c24f9880d3061cde45f) Importer(815301076,1909f56bfc062723c751e8b465ee728b)  -> (artifact id: 'b7e3c6f446f160afb4d7a6b447bd8003') in 0.183760 seconds 
  Import took 0.187076 seconds .

========================================================================
Received Import Request.
  Time since last request: 0.000227 seconds.
  path: Assets/Sprites/MenuAndUI/Handle.png
  artifactKey: Guid(7fba299b49369954692f79e74461620e) Importer(815301076,1909f56bfc062723c751e8b465ee728b)
Start importing Assets/Sprites/MenuAndUI/Handle.png using Guid(7fba299b49369954692f79e74461620e) Importer(815301076,1909f56bfc062723c751e8b465ee728b)  -> (artifact id: '7c65050a7ea1a4d89ee1a16eb371b14c') in 0.038210 seconds 
  Import took 0.049977 seconds .

========================================================================
Received Import Request.
  Time since last request: 0.000168 seconds.
  path: Assets/Sprites/Map/Field_Tileset.png
  artifactKey: Guid(e8969d34fe102604b8e5528ebcf6a073) Importer(815301076,1909f56bfc062723c751e8b465ee728b)
Start importing Assets/Sprites/Map/Field_Tileset.png using Guid(e8969d34fe102604b8e5528ebcf6a073) Importer(815301076,1909f56bfc062723c751e8b465ee728b)  -> (artifact id: '5caac764f6b8e0bf69a93112e43ba16f') in 0.166436 seconds 
  Import took 0.169814 seconds .

========================================================================
Received Import Request.
  Time since last request: 0.500642 seconds.
  path: Assets/Sprites/Test/Misc/HealthDrop.png
  artifactKey: Guid(9518f557563a229419f2ceff32312cae) Importer(815301076,1909f56bfc062723c751e8b465ee728b)
Start importing Assets/Sprites/Test/Misc/HealthDrop.png using Guid(9518f557563a229419f2ceff32312cae) Importer(815301076,1909f56bfc062723c751e8b465ee728b)  -> (artifact id: '164da5fbdaf33373698c06c5f5f2e5b3') in 0.025372 seconds 
  Import took 0.029622 seconds .

========================================================================
Received Import Request.
  Time since last request: 0.000231 seconds.
  path: Assets/Sprites/Test/Misc/Hearts.png
  artifactKey: Guid(e8b33180a9c86d34aadcc1e7c05b4d1a) Importer(815301076,1909f56bfc062723c751e8b465ee728b)
Start importing Assets/Sprites/Test/Misc/Hearts.png using Guid(e8b33180a9c86d34aadcc1e7c05b4d1a) Importer(815301076,1909f56bfc062723c751e8b465ee728b)  -> (artifact id: '1c2bb9208d033d2179514478b1daf851') in 0.057490 seconds 
  Import took 0.060490 seconds .

========================================================================
Received Import Request.
  Time since last request: 0.077459 seconds.
  path: Assets/Sprites/homies.png
  artifactKey: Guid(b41528a7667d6cb489dcf3d33cdc78e8) Importer(815301076,1909f56bfc062723c751e8b465ee728b)
Start importing Assets/Sprites/homies.png using Guid(b41528a7667d6cb489dcf3d33cdc78e8) Importer(815301076,1909f56bfc062723c751e8b465ee728b)  -> (artifact id: 'a139f60980b17ceb370ce8b8c1f9cde6') in 0.080088 seconds 
  Import took 0.083958 seconds .

========================================================================
Received Import Request.
  Time since last request: 0.000254 seconds.
  path: Assets/Sprites/MenuAndUI/mainMenu.png
  artifactKey: Guid(5216a9b9412ed3148a90743b6156c1fc) Importer(815301076,1909f56bfc062723c751e8b465ee728b)
Start importing Assets/Sprites/MenuAndUI/mainMenu.png using Guid(5216a9b9412ed3148a90743b6156c1fc) Importer(815301076,1909f56bfc062723c751e8b465ee728b)  -> (artifact id: 'd7787b07a40c3dd7b72e1ece2871e08d') in 0.026832 seconds 
  Import took 0.035805 seconds .

========================================================================
Received Import Request.
  Time since last request: 0.360827 seconds.
  path: Assets/Sprites/MenuAndUI/mainMenuButtons.png
  artifactKey: Guid(91d393896214232419a37e61daa786de) Importer(815301076,1909f56bfc062723c751e8b465ee728b)
Start importing Assets/Sprites/MenuAndUI/mainMenuButtons.png using Guid(91d393896214232419a37e61daa786de) Importer(815301076,1909f56bfc062723c751e8b465ee728b)  -> (artifact id: '384adb1681981be34bc5312c5441c97b') in 0.055607 seconds 
  Import took 0.059266 seconds .

========================================================================
Received Import Request.
  Time since last request: 0.000249 seconds.
  path: Assets/Sprites/MenuAndUI/menuTitles.png
  artifactKey: Guid(3201618eb5591fd40907357b58725c99) Importer(815301076,1909f56bfc062723c751e8b465ee728b)
Start importing Assets/Sprites/MenuAndUI/menuTitles.png using Guid(3201618eb5591fd40907357b58725c99) Importer(815301076,1909f56bfc062723c751e8b465ee728b)  -> (artifact id: '8242513e986192a46aafda7167cd2f1f') in 0.065281 seconds 
  Import took 0.068271 seconds .

========================================================================
Received Import Request.
  Time since last request: 0.399441 seconds.
  path: Assets/Sprites/Test/Misc/Pickups.png
  artifactKey: Guid(9ebc97034967df348b4237233a507926) Importer(815301076,1909f56bfc062723c751e8b465ee728b)
Start importing Assets/Sprites/Test/Misc/Pickups.png using Guid(9ebc97034967df348b4237233a507926) Importer(815301076,1909f56bfc062723c751e8b465ee728b)  -> (artifact id: '7072a8d9f1cee5c7b95d8a0dc5aa172b') in 0.080009 seconds 
  Import took 0.083498 seconds .

========================================================================
Received Import Request.
  Time since last request: 0.000251 seconds.
  path: Assets/Sprites/MenuAndUI/SliderOutline.png
  artifactKey: Guid(c20b2d4c3a9b85e4b946987e52313a72) Importer(815301076,1909f56bfc062723c751e8b465ee728b)
Start importing Assets/Sprites/MenuAndUI/SliderOutline.png using Guid(c20b2d4c3a9b85e4b946987e52313a72) Importer(815301076,1909f56bfc062723c751e8b465ee728b)  -> (artifact id: '9a9bf9c800b92bdfaffa6fcd06a8914f') in 0.063196 seconds 
  Import took 0.066247 seconds .

========================================================================
Received Import Request.
  Time since last request: 0.000218 seconds.
  path: Assets/Sprites/MenuAndUI/SliderBlank.png
  artifactKey: Guid(ec7710ffe2ecb8347a7042b06107ce87) Importer(815301076,1909f56bfc062723c751e8b465ee728b)
Start importing Assets/Sprites/MenuAndUI/SliderBlank.png using Guid(ec7710ffe2ecb8347a7042b06107ce87) Importer(815301076,1909f56bfc062723c751e8b465ee728b)  -> (artifact id: 'c6e28ce4bb995f489fadf73d18a9b6a2') in 0.018900 seconds 
  Import took 0.022327 seconds .

========================================================================
Received Import Request.
  Time since last request: 0.000283 seconds.
  path: Assets/Sprites/Test/Player/PlayerAnimations.png
  artifactKey: Guid(eba839d4ff71f384c91b911d5f60c544) Importer(815301076,1909f56bfc062723c751e8b465ee728b)
Start importing Assets/Sprites/Test/Player/PlayerAnimations.png using Guid(eba839d4ff71f384c91b911d5f60c544) Importer(815301076,1909f56bfc062723c751e8b465ee728b)  -> (artifact id: 'e4fb87a1cc724c5544a8c08761bb66d9') in 0.061133 seconds 
  Import took 0.064599 seconds .

========================================================================
Received Import Request.
  Time since last request: 0.278202 seconds.
  path: Assets/Sprites/Test/Map/Test_TileSheet.png
  artifactKey: Guid(7c4b9fdd16c66ad47ae1043b5e443eab) Importer(815301076,1909f56bfc062723c751e8b465ee728b)
Start importing Assets/Sprites/Test/Map/Test_TileSheet.png using Guid(7c4b9fdd16c66ad47ae1043b5e443eab) Importer(815301076,1909f56bfc062723c751e8b465ee728b)  -> (artifact id: 'aeaa2cb393cff59d4b0b0954d0f3fb51') in 0.115740 seconds 
  Import took 0.119237 seconds .

========================================================================
Received Import Request.
  Time since last request: 0.000231 seconds.
  path: Assets/Sprites/Test/Map/Test_TileSheet2.png
  artifactKey: Guid(f356c519972aff84aa722664f17643f3) Importer(815301076,1909f56bfc062723c751e8b465ee728b)
Start importing Assets/Sprites/Test/Map/Test_TileSheet2.png using Guid(f356c519972aff84aa722664f17643f3) Importer(815301076,1909f56bfc062723c751e8b465ee728b)  -> (artifact id: 'ece4d3614e829e635816b24027dc108f') in 0.042826 seconds 
  Import took 0.045804 seconds .

========================================================================
Received Import Request.
  Time since last request: 0.216638 seconds.
  path: Assets/Sprites/Test/Creatures/TestEnemey.png
  artifactKey: Guid(4a35a26f94759c94db44016a26899f76) Importer(815301076,1909f56bfc062723c751e8b465ee728b)
Start importing Assets/Sprites/Test/Creatures/TestEnemey.png using Guid(4a35a26f94759c94db44016a26899f76) Importer(815301076,1909f56bfc062723c751e8b465ee728b)  -> (artifact id: 'c78567e8f4741ce5cecb9dd676302a3c') in 0.087120 seconds 
  Import took 0.090838 seconds .

========================================================================
Received Import Request.
  Time since last request: 0.000289 seconds.
  path: Assets/Sprites/Map/Wasteland_Tileset.png
  artifactKey: Guid(d3ae8f9ba15f1b147a68a581a14fa09a) Importer(815301076,1909f56bfc062723c751e8b465ee728b)
Start importing Assets/Sprites/Map/Wasteland_Tileset.png using Guid(d3ae8f9ba15f1b147a68a581a14fa09a) Importer(815301076,1909f56bfc062723c751e8b465ee728b)  -> (artifact id: 'c938f74885257d915b96fa672a375505') in 0.064203 seconds 
  Import took 0.068580 seconds .

========================================================================
Received Import Request.
  Time since last request: 377.512847 seconds.
  path: Assets/Sprites/Test/Player/GameIcon.png
  artifactKey: Guid(c89c11aba2106604dae3e117b8095436) Importer(815301076,1909f56bfc062723c751e8b465ee728b)
Start importing Assets/Sprites/Test/Player/GameIcon.png using Guid(c89c11aba2106604dae3e117b8095436) Importer(815301076,1909f56bfc062723c751e8b465ee728b)  -> (artifact id: '1411c783c446194aa46c4e88e429b657') in 0.021553 seconds 
  Import took 0.025688 seconds .

========================================================================
Received Import Request.
  Time since last request: 59.473992 seconds.
  path: Assets/Sprites/Test/Player/GameIcon.png
  artifactKey: Guid(c89c11aba2106604dae3e117b8095436) Importer(815301076,1909f56bfc062723c751e8b465ee728b)
Start importing Assets/Sprites/Test/Player/GameIcon.png using Guid(c89c11aba2106604dae3e117b8095436) Importer(815301076,1909f56bfc062723c751e8b465ee728b)  -> (artifact id: '0e3e8bf051b88ca4016d105e893536d3') in 0.010735 seconds 
  Import took 0.014363 seconds .

========================================================================
Received Prepare
Refreshing native plugins compatible for Editor in 2.91 ms, found 3 plugins.
Preloading 0 native plugins for Editor in 0.00 ms.
Unloading 15 Unused Serialized files (Serialized files now loaded: 0)
System memory in use before: 56.7 MB.
System memory in use after: 56.9 MB.

Unloading 16 unused Assets to reduce memory usage. Loaded Objects now: 2739.
Total: 3.961800 ms (FindLiveObjects: 0.183200 ms CreateObjectMapping: 0.097800 ms MarkObjects: 3.662400 ms  DeleteObjects: 0.017600 ms)

AssetImportParameters requested are different than current active one (requested -> active):
  custom:framework-win-MediaFoundation: 216162199b28c13a410421893ffa2e32 -> 
  custom:video-decoder-ogg-theora: a1e56fd34408186e4bbccfd4996cb3dc -> 
  custom:container-muxer-webm: aa71ff27fc2769a1b78a27578f13a17b -> 
  custom:container-demuxer-webm: 4f35f7cbe854078d1ac9338744f61a02 -> 
  custom:container-demuxer-ogg: 62fdf1f143b41e24485cea50d1cbac27 -> 
  custom:video-encoder-webm-vp8: eb34c28f22e8b96e1ab97ce403110664 -> 
  custom:video-decoder-webm-vp8: 9c59270c3fd7afecdb556c50c9e8de78 -> 
  custom:audio-decoder-ogg-vorbis: bf7c407c2cedff20999df2af8eb42d56 -> 
  custom:audio-encoder-webm-vorbis: bf7c407c2cedff20999df2af8eb42d56 -> 
========================================================================
Received Prepare
Refreshing native plugins compatible for Editor in 2.88 ms, found 3 plugins.
Preloading 0 native plugins for Editor in 0.00 ms.
Unloading 15 Unused Serialized files (Serialized files now loaded: 0)
System memory in use before: 56.6 MB.
System memory in use after: 56.8 MB.

Unloading 15 unused Assets to reduce memory usage. Loaded Objects now: 2739.
Total: 4.504100 ms (FindLiveObjects: 0.273900 ms CreateObjectMapping: 0.089500 ms MarkObjects: 4.117900 ms  DeleteObjects: 0.020900 ms)

AssetImportParameters requested are different than current active one (requested -> active):
  custom:framework-win-MediaFoundation: 216162199b28c13a410421893ffa2e32 -> 
  custom:video-decoder-ogg-theora: a1e56fd34408186e4bbccfd4996cb3dc -> 
  custom:container-muxer-webm: aa71ff27fc2769a1b78a27578f13a17b -> 
  custom:container-demuxer-webm: 4f35f7cbe854078d1ac9338744f61a02 -> 
  custom:container-demuxer-ogg: 62fdf1f143b41e24485cea50d1cbac27 -> 
  custom:video-encoder-webm-vp8: eb34c28f22e8b96e1ab97ce403110664 -> 
  custom:video-decoder-webm-vp8: 9c59270c3fd7afecdb556c50c9e8de78 -> 
  custom:audio-decoder-ogg-vorbis: bf7c407c2cedff20999df2af8eb42d56 -> 
  custom:audio-encoder-webm-vorbis: bf7c407c2cedff20999df2af8eb42d56 -> 
========================================================================
Received Prepare
Registering precompiled user dll's ...
Registered in 0.003162 seconds.
Begin MonoManager ReloadAssembly
Native extension for WindowsStandalone target not found
Native extension for WebGL target not found
Refreshing native plugins compatible for Editor in 0.54 ms, found 3 plugins.
Preloading 0 native plugins for Editor in 0.00 ms.
Mono: successfully reloaded assembly
- Completed reload, in  0.990 seconds
Domain Reload Profiling:
	ReloadAssembly (990ms)
		BeginReloadAssembly (114ms)
			ExecutionOrderSort (0ms)
			DisableScriptedObjects (6ms)
			BackupInstance (0ms)
			ReleaseScriptingObjects (0ms)
			CreateAndSetChildDomain (36ms)
		EndReloadAssembly (816ms)
			LoadAssemblies (87ms)
			RebuildTransferFunctionScriptingTraits (0ms)
			SetupTypeCache (294ms)
			ReleaseScriptCaches (1ms)
			RebuildScriptCaches (40ms)
			SetupLoadedEditorAssemblies (297ms)
				LogAssemblyErrors (0ms)
				InitializePlatformSupportModulesInManaged (5ms)
				SetLoadedEditorAssemblies (0ms)
				RefreshPlugins (1ms)
				BeforeProcessingInitializeOnLoad (79ms)
				ProcessInitializeOnLoadAttributes (194ms)
				ProcessInitializeOnLoadMethodAttributes (10ms)
				AfterProcessingInitializeOnLoad (7ms)
				EditorAssembliesLoaded (0ms)
			ExecutionOrderSort2 (0ms)
			AwakeInstancesAfterBackupRestoration (9ms)
Platform modules already initialized, skipping
Refreshing native plugins compatible for Editor in 0.49 ms, found 3 plugins.
Preloading 0 native plugins for Editor in 0.00 ms.
Unloading 2228 Unused Serialized files (Serialized files now loaded: 0)
System memory in use before: 100.3 MB.
System memory in use after: 100.6 MB.

Unloading 17 unused Assets to reduce memory usage. Loaded Objects now: 2741.
Total: 2.819000 ms (FindLiveObjects: 0.191700 ms CreateObjectMapping: 0.088900 ms MarkObjects: 2.512900 ms  DeleteObjects: 0.024200 ms)

AssetImportParameters requested are different than current active one (requested -> active):
  custom:framework-win-MediaFoundation: 216162199b28c13a410421893ffa2e32 -> 
  custom:video-decoder-ogg-theora: a1e56fd34408186e4bbccfd4996cb3dc -> 
  custom:container-muxer-webm: aa71ff27fc2769a1b78a27578f13a17b -> 
  custom:container-demuxer-webm: 4f35f7cbe854078d1ac9338744f61a02 -> 
  custom:container-demuxer-ogg: 62fdf1f143b41e24485cea50d1cbac27 -> 
  custom:video-encoder-webm-vp8: eb34c28f22e8b96e1ab97ce403110664 -> 
  custom:video-decoder-webm-vp8: 9c59270c3fd7afecdb556c50c9e8de78 -> 
  custom:audio-decoder-ogg-vorbis: bf7c407c2cedff20999df2af8eb42d56 -> 
  custom:audio-encoder-webm-vorbis: bf7c407c2cedff20999df2af8eb42d56 -> 
========================================================================
Received Import Request.
  Time since last request: 1767.341748 seconds.
  path: Assets/Scenes/Menu.unity
  artifactKey: Guid(265bf4bcc1e03344d80dc38f10be5094) Importer(815301076,1909f56bfc062723c751e8b465ee728b)
Start importing Assets/Scenes/Menu.unity using Guid(265bf4bcc1e03344d80dc38f10be5094) Importer(815301076,1909f56bfc062723c751e8b465ee728b)  -> (artifact id: '4f379a1b592340881b4ab7dd35199328') in 0.026865 seconds 
  Import took 0.030161 seconds .

========================================================================
Received Prepare
Refreshing native plugins compatible for Editor in 3.23 ms, found 3 plugins.
Preloading 0 native plugins for Editor in 0.00 ms.
Unloading 15 Unused Serialized files (Serialized files now loaded: 0)
System memory in use before: 56.7 MB.
System memory in use after: 56.9 MB.

Unloading 15 unused Assets to reduce memory usage. Loaded Objects now: 2741.
Total: 3.792200 ms (FindLiveObjects: 0.194900 ms CreateObjectMapping: 0.108000 ms MarkObjects: 3.465700 ms  DeleteObjects: 0.022300 ms)

AssetImportParameters requested are different than current active one (requested -> active):
  custom:framework-win-MediaFoundation: 216162199b28c13a410421893ffa2e32 -> 
  custom:video-decoder-ogg-theora: a1e56fd34408186e4bbccfd4996cb3dc -> 
  custom:container-muxer-webm: aa71ff27fc2769a1b78a27578f13a17b -> 
  custom:container-demuxer-webm: 4f35f7cbe854078d1ac9338744f61a02 -> 
  custom:container-demuxer-ogg: 62fdf1f143b41e24485cea50d1cbac27 -> 
  custom:video-encoder-webm-vp8: eb34c28f22e8b96e1ab97ce403110664 -> 
  custom:video-decoder-webm-vp8: 9c59270c3fd7afecdb556c50c9e8de78 -> 
  custom:audio-decoder-ogg-vorbis: bf7c407c2cedff20999df2af8eb42d56 -> 
  custom:audio-encoder-webm-vorbis: bf7c407c2cedff20999df2af8eb42d56 -> 
========================================================================
Received Prepare
Registering precompiled user dll's ...
Registered in 0.003101 seconds.
Begin MonoManager ReloadAssembly
Native extension for WindowsStandalone target not found
Native extension for WebGL target not found
Refreshing native plugins compatible for Editor in 0.58 ms, found 3 plugins.
Preloading 0 native plugins for Editor in 0.00 ms.
Mono: successfully reloaded assembly
- Completed reload, in  1.209 seconds
Domain Reload Profiling:
	ReloadAssembly (1209ms)
		BeginReloadAssembly (132ms)
			ExecutionOrderSort (0ms)
			DisableScriptedObjects (6ms)
			BackupInstance (0ms)
			ReleaseScriptingObjects (0ms)
			CreateAndSetChildDomain (35ms)
		EndReloadAssembly (1014ms)
			LoadAssemblies (111ms)
			RebuildTransferFunctionScriptingTraits (0ms)
			SetupTypeCache (334ms)
			ReleaseScriptCaches (1ms)
			RebuildScriptCaches (48ms)
			SetupLoadedEditorAssemblies (351ms)
				LogAssemblyErrors (0ms)
				InitializePlatformSupportModulesInManaged (7ms)
				SetLoadedEditorAssemblies (1ms)
				RefreshPlugins (1ms)
				BeforeProcessingInitializeOnLoad (103ms)
				ProcessInitializeOnLoadAttributes (221ms)
				ProcessInitializeOnLoadMethodAttributes (10ms)
				AfterProcessingInitializeOnLoad (9ms)
				EditorAssembliesLoaded (0ms)
			ExecutionOrderSort2 (0ms)
			AwakeInstancesAfterBackupRestoration (9ms)
Platform modules already initialized, skipping
Refreshing native plugins compatible for Editor in 0.50 ms, found 3 plugins.
Preloading 0 native plugins for Editor in 0.00 ms.
Unloading 2228 Unused Serialized files (Serialized files now loaded: 0)
System memory in use before: 100.4 MB.
System memory in use after: 100.6 MB.

Unloading 17 unused Assets to reduce memory usage. Loaded Objects now: 2743.
Total: 3.273300 ms (FindLiveObjects: 0.201900 ms CreateObjectMapping: 0.095500 ms MarkObjects: 2.955300 ms  DeleteObjects: 0.019500 ms)

AssetImportParameters requested are different than current active one (requested -> active):
  custom:framework-win-MediaFoundation: 216162199b28c13a410421893ffa2e32 -> 
  custom:video-decoder-ogg-theora: a1e56fd34408186e4bbccfd4996cb3dc -> 
  custom:container-muxer-webm: aa71ff27fc2769a1b78a27578f13a17b -> 
  custom:container-demuxer-webm: 4f35f7cbe854078d1ac9338744f61a02 -> 
  custom:container-demuxer-ogg: 62fdf1f143b41e24485cea50d1cbac27 -> 
  custom:video-encoder-webm-vp8: eb34c28f22e8b96e1ab97ce403110664 -> 
  custom:video-decoder-webm-vp8: 9c59270c3fd7afecdb556c50c9e8de78 -> 
  custom:audio-decoder-ogg-vorbis: bf7c407c2cedff20999df2af8eb42d56 -> 
  custom:audio-encoder-webm-vorbis: bf7c407c2cedff20999df2af8eb42d56 -> 
========================================================================
Received Prepare
Refreshing native plugins compatible for Editor in 3.13 ms, found 3 plugins.
Preloading 0 native plugins for Editor in 0.00 ms.
Unloading 15 Unused Serialized files (Serialized files now loaded: 0)
System memory in use before: 56.7 MB.
System memory in use after: 56.9 MB.

Unloading 15 unused Assets to reduce memory usage. Loaded Objects now: 2743.
Total: 3.900000 ms (FindLiveObjects: 0.224500 ms CreateObjectMapping: 0.120100 ms MarkObjects: 3.534600 ms  DeleteObjects: 0.019700 ms)

AssetImportParameters requested are different than current active one (requested -> active):
  custom:framework-win-MediaFoundation: 216162199b28c13a410421893ffa2e32 -> 
  custom:video-decoder-ogg-theora: a1e56fd34408186e4bbccfd4996cb3dc -> 
  custom:container-muxer-webm: aa71ff27fc2769a1b78a27578f13a17b -> 
  custom:container-demuxer-webm: 4f35f7cbe854078d1ac9338744f61a02 -> 
  custom:container-demuxer-ogg: 62fdf1f143b41e24485cea50d1cbac27 -> 
  custom:video-encoder-webm-vp8: eb34c28f22e8b96e1ab97ce403110664 -> 
  custom:video-decoder-webm-vp8: 9c59270c3fd7afecdb556c50c9e8de78 -> 
  custom:audio-decoder-ogg-vorbis: bf7c407c2cedff20999df2af8eb42d56 -> 
  custom:audio-encoder-webm-vorbis: bf7c407c2cedff20999df2af8eb42d56 -> 
========================================================================
Received Prepare
Refreshing native plugins compatible for Editor in 2.75 ms, found 3 plugins.
Preloading 0 native plugins for Editor in 0.00 ms.
Unloading 15 Unused Serialized files (Serialized files now loaded: 0)
System memory in use before: 56.7 MB.
System memory in use after: 56.9 MB.

Unloading 15 unused Assets to reduce memory usage. Loaded Objects now: 2743.
Total: 3.407900 ms (FindLiveObjects: 0.236600 ms CreateObjectMapping: 0.335800 ms MarkObjects: 2.817300 ms  DeleteObjects: 0.017400 ms)

AssetImportParameters requested are different than current active one (requested -> active):
  custom:framework-win-MediaFoundation: 216162199b28c13a410421893ffa2e32 -> 
  custom:video-decoder-ogg-theora: a1e56fd34408186e4bbccfd4996cb3dc -> 
  custom:container-muxer-webm: aa71ff27fc2769a1b78a27578f13a17b -> 
  custom:container-demuxer-webm: 4f35f7cbe854078d1ac9338744f61a02 -> 
  custom:container-demuxer-ogg: 62fdf1f143b41e24485cea50d1cbac27 -> 
  custom:video-encoder-webm-vp8: eb34c28f22e8b96e1ab97ce403110664 -> 
  custom:video-decoder-webm-vp8: 9c59270c3fd7afecdb556c50c9e8de78 -> 
  custom:audio-decoder-ogg-vorbis: bf7c407c2cedff20999df2af8eb42d56 -> 
  custom:audio-encoder-webm-vorbis: bf7c407c2cedff20999df2af8eb42d56 -> 
========================================================================
Received Import Request.
  Time since last request: 117.217326 seconds.
  path: Assets/Sprites/Test/Player/GameIcon.png
  artifactKey: Guid(c89c11aba2106604dae3e117b8095436) Importer(815301076,1909f56bfc062723c751e8b465ee728b)
Start importing Assets/Sprites/Test/Player/GameIcon.png using Guid(c89c11aba2106604dae3e117b8095436) Importer(815301076,1909f56bfc062723c751e8b465ee728b)  -> (artifact id: 'dc0fc4bb10aa9331d2ee86138570de0f') in 0.055162 seconds 
  Import took 0.058574 seconds .

========================================================================
Received Prepare
Registering precompiled user dll's ...
Registered in 0.003554 seconds.
Begin MonoManager ReloadAssembly
Native extension for WindowsStandalone target not found
Native extension for WebGL target not found
Refreshing native plugins compatible for Editor in 0.49 ms, found 3 plugins.
Preloading 0 native plugins for Editor in 0.00 ms.
Mono: successfully reloaded assembly
- Completed reload, in  1.013 seconds
Domain Reload Profiling:
	ReloadAssembly (1013ms)
		BeginReloadAssembly (109ms)
			ExecutionOrderSort (0ms)
			DisableScriptedObjects (6ms)
			BackupInstance (0ms)
			ReleaseScriptingObjects (0ms)
			CreateAndSetChildDomain (35ms)
		EndReloadAssembly (841ms)
			LoadAssemblies (87ms)
			RebuildTransferFunctionScriptingTraits (0ms)
			SetupTypeCache (312ms)
			ReleaseScriptCaches (1ms)
			RebuildScriptCaches (41ms)
			SetupLoadedEditorAssemblies (292ms)
				LogAssemblyErrors (0ms)
				InitializePlatformSupportModulesInManaged (6ms)
				SetLoadedEditorAssemblies (0ms)
				RefreshPlugins (1ms)
				BeforeProcessingInitializeOnLoad (80ms)
				ProcessInitializeOnLoadAttributes (186ms)
				ProcessInitializeOnLoadMethodAttributes (11ms)
				AfterProcessingInitializeOnLoad (7ms)
				EditorAssembliesLoaded (0ms)
			ExecutionOrderSort2 (0ms)
			AwakeInstancesAfterBackupRestoration (9ms)
Platform modules already initialized, skipping
Refreshing native plugins compatible for Editor in 0.48 ms, found 3 plugins.
Preloading 0 native plugins for Editor in 0.00 ms.
Unloading 2228 Unused Serialized files (Serialized files now loaded: 0)
System memory in use before: 100.4 MB.
System memory in use after: 100.6 MB.

Unloading 17 unused Assets to reduce memory usage. Loaded Objects now: 2746.
Total: 2.783200 ms (FindLiveObjects: 0.169700 ms CreateObjectMapping: 0.082100 ms MarkObjects: 2.514900 ms  DeleteObjects: 0.015500 ms)

AssetImportParameters requested are different than current active one (requested -> active):
  custom:framework-win-MediaFoundation: 216162199b28c13a410421893ffa2e32 -> 
  custom:video-decoder-ogg-theora: a1e56fd34408186e4bbccfd4996cb3dc -> 
  custom:container-muxer-webm: aa71ff27fc2769a1b78a27578f13a17b -> 
  custom:container-demuxer-webm: 4f35f7cbe854078d1ac9338744f61a02 -> 
  custom:container-demuxer-ogg: 62fdf1f143b41e24485cea50d1cbac27 -> 
  custom:video-encoder-webm-vp8: eb34c28f22e8b96e1ab97ce403110664 -> 
  custom:video-decoder-webm-vp8: 9c59270c3fd7afecdb556c50c9e8de78 -> 
  custom:audio-decoder-ogg-vorbis: bf7c407c2cedff20999df2af8eb42d56 -> 
  custom:audio-encoder-webm-vorbis: bf7c407c2cedff20999df2af8eb42d56 -> 
========================================================================
Received Prepare
Refreshing native plugins compatible for Editor in 2.86 ms, found 3 plugins.
Preloading 0 native plugins for Editor in 0.00 ms.
Unloading 15 Unused Serialized files (Serialized files now loaded: 0)
System memory in use before: 56.7 MB.
System memory in use after: 56.9 MB.

Unloading 15 unused Assets to reduce memory usage. Loaded Objects now: 2746.
Total: 3.511700 ms (FindLiveObjects: 0.247800 ms CreateObjectMapping: 0.131700 ms MarkObjects: 3.114500 ms  DeleteObjects: 0.016800 ms)

AssetImportParameters requested are different than current active one (requested -> active):
  custom:framework-win-MediaFoundation: 216162199b28c13a410421893ffa2e32 -> 
  custom:video-decoder-ogg-theora: a1e56fd34408186e4bbccfd4996cb3dc -> 
  custom:container-muxer-webm: aa71ff27fc2769a1b78a27578f13a17b -> 
  custom:container-demuxer-webm: 4f35f7cbe854078d1ac9338744f61a02 -> 
  custom:container-demuxer-ogg: 62fdf1f143b41e24485cea50d1cbac27 -> 
  custom:video-encoder-webm-vp8: eb34c28f22e8b96e1ab97ce403110664 -> 
  custom:video-decoder-webm-vp8: 9c59270c3fd7afecdb556c50c9e8de78 -> 
  custom:audio-decoder-ogg-vorbis: bf7c407c2cedff20999df2af8eb42d56 -> 
  custom:audio-encoder-webm-vorbis: bf7c407c2cedff20999df2af8eb42d56 -> 
========================================================================
Received Prepare
Registering precompiled user dll's ...
Registered in 0.003478 seconds.
Begin MonoManager ReloadAssembly
Native extension for WindowsStandalone target not found
Native extension for WebGL target not found
Refreshing native plugins compatible for Editor in 0.52 ms, found 3 plugins.
Preloading 0 native plugins for Editor in 0.00 ms.
Mono: successfully reloaded assembly
- Completed reload, in  0.994 seconds
Domain Reload Profiling:
	ReloadAssembly (994ms)
		BeginReloadAssembly (113ms)
			ExecutionOrderSort (0ms)
			DisableScriptedObjects (6ms)
			BackupInstance (0ms)
			ReleaseScriptingObjects (0ms)
			CreateAndSetChildDomain (35ms)
		EndReloadAssembly (821ms)
			LoadAssemblies (89ms)
			RebuildTransferFunctionScriptingTraits (0ms)
			SetupTypeCache (298ms)
			ReleaseScriptCaches (1ms)
			RebuildScriptCaches (40ms)
			SetupLoadedEditorAssemblies (293ms)
				LogAssemblyErrors (0ms)
				InitializePlatformSupportModulesInManaged (6ms)
				SetLoadedEditorAssemblies (1ms)
				RefreshPlugins (1ms)
				BeforeProcessingInitializeOnLoad (79ms)
				ProcessInitializeOnLoadAttributes (188ms)
				ProcessInitializeOnLoadMethodAttributes (10ms)
				AfterProcessingInitializeOnLoad (7ms)
				EditorAssembliesLoaded (0ms)
			ExecutionOrderSort2 (0ms)
			AwakeInstancesAfterBackupRestoration (9ms)
Platform modules already initialized, skipping
Refreshing native plugins compatible for Editor in 0.75 ms, found 3 plugins.
Preloading 0 native plugins for Editor in 0.00 ms.
Unloading 2228 Unused Serialized files (Serialized files now loaded: 0)
System memory in use before: 100.4 MB.
System memory in use after: 100.7 MB.

Unloading 17 unused Assets to reduce memory usage. Loaded Objects now: 2748.
Total: 2.756000 ms (FindLiveObjects: 0.174600 ms CreateObjectMapping: 0.084500 ms MarkObjects: 2.477100 ms  DeleteObjects: 0.018600 ms)

AssetImportParameters requested are different than current active one (requested -> active):
  custom:framework-win-MediaFoundation: 216162199b28c13a410421893ffa2e32 -> 
  custom:video-decoder-ogg-theora: a1e56fd34408186e4bbccfd4996cb3dc -> 
  custom:container-muxer-webm: aa71ff27fc2769a1b78a27578f13a17b -> 
  custom:container-demuxer-webm: 4f35f7cbe854078d1ac9338744f61a02 -> 
  custom:container-demuxer-ogg: 62fdf1f143b41e24485cea50d1cbac27 -> 
  custom:video-encoder-webm-vp8: eb34c28f22e8b96e1ab97ce403110664 -> 
  custom:video-decoder-webm-vp8: 9c59270c3fd7afecdb556c50c9e8de78 -> 
  custom:audio-decoder-ogg-vorbis: bf7c407c2cedff20999df2af8eb42d56 -> 
  custom:audio-encoder-webm-vorbis: bf7c407c2cedff20999df2af8eb42d56 -> 
AssetImportWorkerClient::OnTransportError - code=2 error=End of file
